<?xml version="1.0" encoding="UTF-8"?>
<testng-results ignored="0" total="1" passed="1" failed="0" skipped="0">
  <reporter-output>
  </reporter-output>
  <suite started-at="2023-09-05T15:18:12Z" name="Single" finished-at="2023-09-05T15:21:26Z" duration-ms="194283">
    <groups>
    </groups>
    <test started-at="2023-09-05T15:18:12Z" name="SingleTest" finished-at="2023-09-05T15:21:26Z" duration-ms="194283">
      <class name="com.browserstack.single.CreateRFQ">
        <test-method is-config="true" signature="setUp(java.lang.String, java.lang.String)[pri:0, instance:com.browserstack.single.CreateRFQ@679b62af]" started-at="2023-09-05T11:18:12Z" name="setUp" finished-at="2023-09-05T11:18:19Z" duration-ms="7009" status="PASS">
          <params>
            <param index="0">
              <value>
                <![CDATA[single.conf.json]]>
              </value>
            </param>
            <param index="1">
              <value>
                <![CDATA[chrome]]>
              </value>
            </param>
          </params>
          <reporter-output>
          </reporter-output>
        </test-method> <!-- setUp -->
        <test-method signature="createRFQTest()[pri:0, instance:com.browserstack.single.CreateRFQ@679b62af]" started-at="2023-09-05T11:18:19Z" name="createRFQTest" finished-at="2023-09-05T11:21:23Z" duration-ms="184198" status="PASS">
          <reporter-output>
          </reporter-output>
        </test-method> <!-- createRFQTest -->
        <test-method is-config="true" signature="tearDown()[pri:0, instance:com.browserstack.single.CreateRFQ@679b62af]" started-at="2023-09-05T11:21:23Z" name="tearDown" finished-at="2023-09-05T11:21:26Z" duration-ms="3058" status="PASS">
          <reporter-output>
          </reporter-output>
        </test-method> <!-- tearDown -->
      </class> <!-- com.browserstack.single.CreateRFQ -->
    </test> <!-- SingleTest -->
  </suite> <!-- Single -->
</testng-results>
